This file contains any messages produced by compilers while
running configure, to aid debugging if configure makes a mistake.

It was created by seminator configure 2.0dev, which was
generated by GNU Autoconf 2.69.  Invocation command line was

  $ ./configure --disable-python

## --------- ##
## Platform. ##
## --------- ##

hostname = ubuntu
uname -m = x86_64
uname -r = 5.4.0-52-generic
uname -s = Linux
uname -v = #57~18.04.1-Ubuntu SMP Thu Oct 15 14:04:49 UTC 2020

/usr/bin/uname -p = unknown
/bin/uname -X     = unknown

/bin/arch              = unknown
/usr/bin/arch -k       = unknown
/usr/convex/getsysinfo = unknown
/usr/bin/hostinfo      = unknown
/bin/machine           = unknown
/usr/bin/oslevel       = unknown
/bin/universe          = unknown

PATH: /opt/gcc-arm-none-eabi-7-2017-q4-major/bin
PATH: /home/fengwz/.local/bin
PATH: /usr/local/sbin
PATH: /usr/local/bin
PATH: /usr/sbin
PATH: /usr/bin
PATH: /sbin
PATH: /bin
PATH: /usr/games
PATH: /usr/local/games
PATH: /snap/bin
PATH: /home/fengwz/.dotnet/tools
PATH: /home/fengwz/riscv-prebuilt/bin


## ----------- ##
## Core tests. ##
## ----------- ##

configure:2417: checking for a BSD-compatible install
configure:2485: result: /usr/bin/install -c
configure:2496: checking whether build environment is sane
configure:2551: result: yes
configure:2702: checking for a thread-safe mkdir -p
configure:2741: result: /bin/mkdir -p
configure:2748: checking for gawk
configure:2778: result: no
configure:2748: checking for mawk
configure:2764: found /usr/bin/mawk
configure:2775: result: mawk
configure:2786: checking whether make sets $(MAKE)
configure:2808: result: yes
configure:2837: checking whether make supports nested variables
configure:2854: result: yes
configure:2943: checking whether UID '1000' is supported by ustar format
configure:2946: result: yes
configure:2953: checking whether GID '1000' is supported by ustar format
configure:2956: result: yes
configure:2964: checking how to create a ustar tar archive
configure:2975: tar --version
tar (GNU tar) 1.29
Copyright (C) 2015 Free Software Foundation, Inc.
License GPLv3+: GNU GPL version 3 or later <http://gnu.org/licenses/gpl.html>.
This is free software: you are free to change and redistribute it.
There is NO WARRANTY, to the extent permitted by law.

Written by John Gilmore and Jay Fenlason.
configure:2978: $? = 0
configure:3018: tardir=conftest.dir && eval tar --format=ustar -chf - "$tardir" >conftest.tar
configure:3021: $? = 0
configure:3025: tar -xf - <conftest.tar
configure:3028: $? = 0
configure:3030: cat conftest.dir/file
GrepMe
configure:3033: $? = 0
configure:3046: result: gnutar
configure:3146: checking for gcc
configure:3162: found /usr/bin/gcc
configure:3173: result: gcc
configure:3402: checking for C compiler version
configure:3411: gcc --version >&5
gcc (Ubuntu 9.3.0-11ubuntu0~18.04.1) 9.3.0
Copyright (C) 2019 Free Software Foundation, Inc.
This is free software; see the source for copying conditions.  There is NO
warranty; not even for MERCHANTABILITY or FITNESS FOR A PARTICULAR PURPOSE.

configure:3422: $? = 0
configure:3411: gcc -v >&5
Using built-in specs.
COLLECT_GCC=gcc
COLLECT_LTO_WRAPPER=/usr/lib/gcc/x86_64-linux-gnu/9/lto-wrapper
OFFLOAD_TARGET_NAMES=nvptx-none:hsa
OFFLOAD_TARGET_DEFAULT=1
Target: x86_64-linux-gnu
Configured with: ../src/configure -v --with-pkgversion='Ubuntu 9.3.0-11ubuntu0~18.04.1' --with-bugurl=file:///usr/share/doc/gcc-9/README.Bugs --enable-languages=c,ada,c++,go,brig,d,fortran,objc,obj-c++,gm2 --prefix=/usr --with-gcc-major-version-only --program-suffix=-9 --program-prefix=x86_64-linux-gnu- --enable-shared --enable-linker-build-id --libexecdir=/usr/lib --without-included-gettext --enable-threads=posix --libdir=/usr/lib --enable-nls --enable-clocale=gnu --enable-libstdcxx-debug --enable-libstdcxx-time=yes --with-default-libstdcxx-abi=new --enable-gnu-unique-object --disable-vtable-verify --enable-plugin --enable-default-pie --with-system-zlib --with-target-system-zlib=auto --enable-objc-gc=auto --enable-multiarch --disable-werror --with-arch-32=i686 --with-abi=m64 --with-multilib-list=m32,m64,mx32 --enable-multilib --with-tune=generic --enable-offload-targets=nvptx-none,hsa --without-cuda-driver --enable-checking=release --build=x86_64-linux-gnu --host=x86_64-linux-gnu --target=x86_64-linux-gnu
Thread model: posix
gcc version 9.3.0 (Ubuntu 9.3.0-11ubuntu0~18.04.1) 
configure:3422: $? = 0
configure:3411: gcc -V >&5
gcc: error: unrecognized command line option '-V'
gcc: fatal error: no input files
compilation terminated.
configure:3422: $? = 1
configure:3411: gcc -qversion >&5
gcc: error: unrecognized command line option '-qversion'; did you mean '--version'?
gcc: fatal error: no input files
compilation terminated.
configure:3422: $? = 1
configure:3442: checking whether the C compiler works
configure:3464: gcc    conftest.c  >&5
configure:3468: $? = 0
configure:3516: result: yes
configure:3519: checking for C compiler default output file name
configure:3521: result: a.out
configure:3527: checking for suffix of executables
configure:3534: gcc -o conftest    conftest.c  >&5
configure:3538: $? = 0
configure:3560: result: 
configure:3582: checking whether we are cross compiling
configure:3590: gcc -o conftest    conftest.c  >&5
configure:3594: $? = 0
configure:3601: ./conftest
configure:3605: $? = 0
configure:3620: result: no
configure:3625: checking for suffix of object files
configure:3647: gcc -c   conftest.c >&5
configure:3651: $? = 0
configure:3672: result: o
configure:3676: checking whether we are using the GNU C compiler
configure:3695: gcc -c   conftest.c >&5
configure:3695: $? = 0
configure:3704: result: yes
configure:3713: checking whether gcc accepts -g
configure:3733: gcc -c -g  conftest.c >&5
configure:3733: $? = 0
configure:3774: result: yes
configure:3791: checking for gcc option to accept ISO C89
configure:3854: gcc  -c -g -O2  conftest.c >&5
configure:3854: $? = 0
configure:3867: result: none needed
configure:3892: checking whether gcc understands -c and -o together
configure:3914: gcc -c conftest.c -o conftest2.o
configure:3917: $? = 0
configure:3914: gcc -c conftest.c -o conftest2.o
configure:3917: $? = 0
configure:3929: result: yes
configure:3957: checking for style of include used by make
configure:3985: result: GNU
configure:4011: checking dependency style of gcc
configure:4122: result: gcc3
configure:4196: checking for g++
configure:4212: found /usr/bin/g++
configure:4223: result: g++
configure:4250: checking for C++ compiler version
configure:4259: g++ --version >&5
g++ (Ubuntu 9.3.0-11ubuntu0~18.04.1) 9.3.0
Copyright (C) 2019 Free Software Foundation, Inc.
This is free software; see the source for copying conditions.  There is NO
warranty; not even for MERCHANTABILITY or FITNESS FOR A PARTICULAR PURPOSE.

configure:4270: $? = 0
configure:4259: g++ -v >&5
Using built-in specs.
COLLECT_GCC=g++
COLLECT_LTO_WRAPPER=/usr/lib/gcc/x86_64-linux-gnu/9/lto-wrapper
OFFLOAD_TARGET_NAMES=nvptx-none:hsa
OFFLOAD_TARGET_DEFAULT=1
Target: x86_64-linux-gnu
Configured with: ../src/configure -v --with-pkgversion='Ubuntu 9.3.0-11ubuntu0~18.04.1' --with-bugurl=file:///usr/share/doc/gcc-9/README.Bugs --enable-languages=c,ada,c++,go,brig,d,fortran,objc,obj-c++,gm2 --prefix=/usr --with-gcc-major-version-only --program-suffix=-9 --program-prefix=x86_64-linux-gnu- --enable-shared --enable-linker-build-id --libexecdir=/usr/lib --without-included-gettext --enable-threads=posix --libdir=/usr/lib --enable-nls --enable-clocale=gnu --enable-libstdcxx-debug --enable-libstdcxx-time=yes --with-default-libstdcxx-abi=new --enable-gnu-unique-object --disable-vtable-verify --enable-plugin --enable-default-pie --with-system-zlib --with-target-system-zlib=auto --enable-objc-gc=auto --enable-multiarch --disable-werror --with-arch-32=i686 --with-abi=m64 --with-multilib-list=m32,m64,mx32 --enable-multilib --with-tune=generic --enable-offload-targets=nvptx-none,hsa --without-cuda-driver --enable-checking=release --build=x86_64-linux-gnu --host=x86_64-linux-gnu --target=x86_64-linux-gnu
Thread model: posix
gcc version 9.3.0 (Ubuntu 9.3.0-11ubuntu0~18.04.1) 
configure:4270: $? = 0
configure:4259: g++ -V >&5
g++: error: unrecognized command line option '-V'
g++: fatal error: no input files
compilation terminated.
configure:4270: $? = 1
configure:4259: g++ -qversion >&5
g++: error: unrecognized command line option '-qversion'; did you mean '--version'?
g++: fatal error: no input files
compilation terminated.
configure:4270: $? = 1
configure:4274: checking whether we are using the GNU C++ compiler
configure:4293: g++ -c   conftest.cpp >&5
configure:4293: $? = 0
configure:4302: result: yes
configure:4311: checking whether g++ accepts -g
configure:4331: g++ -c -g  conftest.cpp >&5
configure:4331: $? = 0
configure:4372: result: yes
configure:4397: checking dependency style of g++
configure:4508: result: gcc3
configure:4535: checking whether make supports nested variables
configure:4552: result: yes
configure:4640: checking whether C++ compiler accepts -std=c++17
configure:4678: g++ -c -g -O2  -std=c++17  conftest.cpp >&5
configure:4678: $? = 0
configure:4687: result: yes
configure:4740: checking build system type
configure:4754: result: x86_64-pc-linux-gnu
configure:4774: checking host system type
configure:4787: result: x86_64-pc-linux-gnu
configure:4828: checking how to print strings
configure:4855: result: printf
configure:4876: checking for a sed that does not truncate output
configure:4940: result: /bin/sed
configure:4958: checking for grep that handles long lines and -e
configure:5016: result: /bin/grep
configure:5021: checking for egrep
configure:5083: result: /bin/grep -E
configure:5088: checking for fgrep
configure:5150: result: /bin/grep -F
configure:5185: checking for ld used by gcc
configure:5252: result: /usr/bin/ld
configure:5259: checking if the linker (/usr/bin/ld) is GNU ld
configure:5274: result: yes
configure:5286: checking for BSD- or MS-compatible name lister (nm)
configure:5340: result: /usr/bin/nm -B
configure:5470: checking the name lister (/usr/bin/nm -B) interface
configure:5477: g++ -c -g -O2 -std=c++17  conftest.cpp >&5
configure:5480: /usr/bin/nm -B "conftest.o"
configure:5483: output
0000000000000000 B some_variable
configure:5490: result: BSD nm
configure:5493: checking whether ln -s works
configure:5497: result: yes
configure:5505: checking the maximum length of command line arguments
configure:5636: result: 1572864
configure:5684: checking how to convert x86_64-pc-linux-gnu file names to x86_64-pc-linux-gnu format
configure:5724: result: func_convert_file_noop
configure:5731: checking how to convert x86_64-pc-linux-gnu file names to toolchain format
configure:5751: result: func_convert_file_noop
configure:5758: checking for /usr/bin/ld option to reload object files
configure:5765: result: -r
configure:5839: checking for objdump
configure:5855: found /usr/bin/objdump
configure:5866: result: objdump
configure:5898: checking how to recognize dependent libraries
configure:6098: result: pass_all
configure:6183: checking for dlltool
configure:6213: result: no
configure:6243: checking how to associate runtime and link libraries
configure:6270: result: printf %s\n
configure:6330: checking for ar
configure:6346: found /usr/bin/ar
configure:6357: result: ar
configure:6394: checking for archiver @FILE support
configure:6411: g++ -c -g -O2 -std=c++17  conftest.cpp >&5
configure:6411: $? = 0
configure:6414: ar cru libconftest.a @conftest.lst >&5
ar: `u' modifier ignored since `D' is the default (see `U')
configure:6417: $? = 0
configure:6422: ar cru libconftest.a @conftest.lst >&5
ar: `u' modifier ignored since `D' is the default (see `U')
ar: conftest.o: No such file or directory
configure:6425: $? = 1
configure:6437: result: @
configure:6495: checking for strip
configure:6511: found /usr/bin/strip
configure:6522: result: strip
configure:6594: checking for ranlib
configure:6610: found /usr/bin/ranlib
configure:6621: result: ranlib
configure:6723: checking command to parse /usr/bin/nm -B output from gcc object
configure:6876: g++ -c -g -O2 -std=c++17  conftest.cpp >&5
configure:6879: $? = 0
configure:6883: /usr/bin/nm -B conftest.o \| sed -n -e 's/^.*[ ]\([ABCDGIRSTW][ABCDGIRSTW]*\)[ ][ ]*\([_A-Za-z][_A-Za-z0-9]*\)$/\1 \2 \2/p' | sed '/ __gnu_lto/d' \> conftest.nm
configure:6886: $? = 0
configure:6952: g++ -o conftest -g -O2 -std=c++17   conftest.cpp conftstm.o >&5
configure:6955: $? = 0
configure:6993: result: ok
configure:7040: checking for sysroot
configure:7070: result: no
configure:7077: checking for a working dd
configure:7115: result: /bin/dd
configure:7119: checking how to truncate binary pipes
configure:7134: result: /bin/dd bs=4096 count=1
configure:7271: g++ -c -g -O2 -std=c++17  conftest.cpp >&5
configure:7274: $? = 0
configure:7464: checking for mt
configure:7480: found /bin/mt
configure:7491: result: mt
configure:7514: checking if mt is a manifest tool
configure:7520: mt '-?'
configure:7528: result: no
configure:8205: checking how to run the C preprocessor
configure:8236: gcc -E  conftest.c
configure:8236: $? = 0
configure:8250: gcc -E  conftest.c
conftest.c:11:10: fatal error: ac_nonexistent.h: No such file or directory
   11 | #include <ac_nonexistent.h>
      |          ^~~~~~~~~~~~~~~~~~
compilation terminated.
configure:8250: $? = 1
configure: failed program was:
| /* confdefs.h */
| #define PACKAGE_NAME "seminator"
| #define PACKAGE_TARNAME "seminator"
| #define PACKAGE_VERSION "2.0dev"
| #define PACKAGE_STRING "seminator 2.0dev"
| #define PACKAGE_BUGREPORT ""
| #define PACKAGE_URL ""
| #define PACKAGE "seminator"
| #define VERSION "2.0dev"
| /* end confdefs.h.  */
| #include <ac_nonexistent.h>
configure:8275: result: gcc -E
configure:8295: gcc -E  conftest.c
configure:8295: $? = 0
configure:8309: gcc -E  conftest.c
conftest.c:11:10: fatal error: ac_nonexistent.h: No such file or directory
   11 | #include <ac_nonexistent.h>
      |          ^~~~~~~~~~~~~~~~~~
compilation terminated.
configure:8309: $? = 1
configure: failed program was:
| /* confdefs.h */
| #define PACKAGE_NAME "seminator"
| #define PACKAGE_TARNAME "seminator"
| #define PACKAGE_VERSION "2.0dev"
| #define PACKAGE_STRING "seminator 2.0dev"
| #define PACKAGE_BUGREPORT ""
| #define PACKAGE_URL ""
| #define PACKAGE "seminator"
| #define VERSION "2.0dev"
| /* end confdefs.h.  */
| #include <ac_nonexistent.h>
configure:8338: checking for ANSI C header files
configure:8358: gcc -c -g -O2  conftest.c >&5
configure:8358: $? = 0
configure:8431: gcc -o conftest -g -O2   conftest.c  >&5
configure:8431: $? = 0
configure:8431: ./conftest
configure:8431: $? = 0
configure:8442: result: yes
configure:8455: checking for sys/types.h
configure:8455: gcc -c -g -O2  conftest.c >&5
configure:8455: $? = 0
configure:8455: result: yes
configure:8455: checking for sys/stat.h
configure:8455: gcc -c -g -O2  conftest.c >&5
configure:8455: $? = 0
configure:8455: result: yes
configure:8455: checking for stdlib.h
configure:8455: gcc -c -g -O2  conftest.c >&5
configure:8455: $? = 0
configure:8455: result: yes
configure:8455: checking for string.h
configure:8455: gcc -c -g -O2  conftest.c >&5
configure:8455: $? = 0
configure:8455: result: yes
configure:8455: checking for memory.h
configure:8455: gcc -c -g -O2  conftest.c >&5
configure:8455: $? = 0
configure:8455: result: yes
configure:8455: checking for strings.h
configure:8455: gcc -c -g -O2  conftest.c >&5
configure:8455: $? = 0
configure:8455: result: yes
configure:8455: checking for inttypes.h
configure:8455: gcc -c -g -O2  conftest.c >&5
configure:8455: $? = 0
configure:8455: result: yes
configure:8455: checking for stdint.h
configure:8455: gcc -c -g -O2  conftest.c >&5
configure:8455: $? = 0
configure:8455: result: yes
configure:8455: checking for unistd.h
configure:8455: gcc -c -g -O2  conftest.c >&5
configure:8455: $? = 0
configure:8455: result: yes
configure:8469: checking for dlfcn.h
configure:8469: gcc -c -g -O2  conftest.c >&5
configure:8469: $? = 0
configure:8469: result: yes
configure:8735: checking for objdir
configure:8750: result: .libs
configure:9010: checking if gcc supports -fno-rtti -fno-exceptions
configure:9028: gcc -c -g -O2  -fno-rtti -fno-exceptions conftest.c >&5
cc1: warning: command line option '-fno-rtti' is valid for C++/D/ObjC++ but not for C
configure:9032: $? = 0
configure:9045: result: no
configure:9403: checking for gcc option to produce PIC
configure:9410: result: -fPIC -DPIC
configure:9418: checking if gcc PIC flag -fPIC -DPIC works
configure:9436: gcc -c -g -O2  -fPIC -DPIC -DPIC conftest.c >&5
configure:9440: $? = 0
configure:9453: result: yes
configure:9482: checking if gcc static flag -static works
configure:9510: result: yes
configure:9525: checking if gcc supports -c -o file.o
configure:9546: gcc -c -g -O2  -o out/conftest2.o conftest.c >&5
configure:9550: $? = 0
configure:9572: result: yes
configure:9580: checking if gcc supports -c -o file.o
configure:9627: result: yes
configure:9660: checking whether the gcc linker (/usr/bin/ld -m elf_x86_64) supports shared libraries
configure:10923: result: yes
configure:10960: checking whether -lc should be explicitly linked in
configure:10968: gcc -c -g -O2  conftest.c >&5
configure:10971: $? = 0
configure:10986: gcc -shared  -fPIC -DPIC conftest.o  -v -Wl,-soname -Wl,conftest -o conftest 2\>\&1 \| /bin/grep  -lc  \>/dev/null 2\>\&1
configure:10989: $? = 0
configure:11003: result: no
configure:11163: checking dynamic linker characteristics
configure:11744: gcc -o conftest -g -O2   -Wl,-rpath -Wl,/foo conftest.c  >&5
configure:11744: $? = 0
configure:11993: result: GNU/Linux ld.so
configure:12115: checking how to hardcode library paths into programs
configure:12140: result: immediate
configure:12688: checking whether stripping libraries is possible
configure:12693: result: yes
configure:12728: checking if libtool supports shared libraries
configure:12730: result: yes
configure:12733: checking whether to build shared libraries
configure:12758: result: yes
configure:12761: checking whether to build static libraries
configure:12765: result: yes
configure:12788: checking how to run the C++ preprocessor
configure:12815: g++ -E  conftest.cpp
configure:12815: $? = 0
configure:12829: g++ -E  conftest.cpp
conftest.cpp:23:10: fatal error: ac_nonexistent.h: No such file or directory
   23 | #include <ac_nonexistent.h>
      |          ^~~~~~~~~~~~~~~~~~
compilation terminated.
configure:12829: $? = 1
configure: failed program was:
| /* confdefs.h */
| #define PACKAGE_NAME "seminator"
| #define PACKAGE_TARNAME "seminator"
| #define PACKAGE_VERSION "2.0dev"
| #define PACKAGE_STRING "seminator 2.0dev"
| #define PACKAGE_BUGREPORT ""
| #define PACKAGE_URL ""
| #define PACKAGE "seminator"
| #define VERSION "2.0dev"
| #define STDC_HEADERS 1
| #define HAVE_SYS_TYPES_H 1
| #define HAVE_SYS_STAT_H 1
| #define HAVE_STDLIB_H 1
| #define HAVE_STRING_H 1
| #define HAVE_MEMORY_H 1
| #define HAVE_STRINGS_H 1
| #define HAVE_INTTYPES_H 1
| #define HAVE_STDINT_H 1
| #define HAVE_UNISTD_H 1
| #define HAVE_DLFCN_H 1
| #define LT_OBJDIR ".libs/"
| /* end confdefs.h.  */
| #include <ac_nonexistent.h>
configure:12854: result: g++ -E
configure:12874: g++ -E  conftest.cpp
configure:12874: $? = 0
configure:12888: g++ -E  conftest.cpp
conftest.cpp:23:10: fatal error: ac_nonexistent.h: No such file or directory
   23 | #include <ac_nonexistent.h>
      |          ^~~~~~~~~~~~~~~~~~
compilation terminated.
configure:12888: $? = 1
configure: failed program was:
| /* confdefs.h */
| #define PACKAGE_NAME "seminator"
| #define PACKAGE_TARNAME "seminator"
| #define PACKAGE_VERSION "2.0dev"
| #define PACKAGE_STRING "seminator 2.0dev"
| #define PACKAGE_BUGREPORT ""
| #define PACKAGE_URL ""
| #define PACKAGE "seminator"
| #define VERSION "2.0dev"
| #define STDC_HEADERS 1
| #define HAVE_SYS_TYPES_H 1
| #define HAVE_SYS_STAT_H 1
| #define HAVE_STDLIB_H 1
| #define HAVE_STRING_H 1
| #define HAVE_MEMORY_H 1
| #define HAVE_STRINGS_H 1
| #define HAVE_INTTYPES_H 1
| #define HAVE_STDINT_H 1
| #define HAVE_UNISTD_H 1
| #define HAVE_DLFCN_H 1
| #define LT_OBJDIR ".libs/"
| /* end confdefs.h.  */
| #include <ac_nonexistent.h>
configure:13050: checking for ld used by g++
configure:13117: result: /usr/bin/ld -m elf_x86_64
configure:13124: checking if the linker (/usr/bin/ld -m elf_x86_64) is GNU ld
configure:13139: result: yes
configure:13194: checking whether the g++ linker (/usr/bin/ld -m elf_x86_64) supports shared libraries
configure:14267: result: yes
configure:14303: g++ -c -g -O2 -std=c++17  conftest.cpp >&5
configure:14306: $? = 0
configure:14787: checking for g++ option to produce PIC
configure:14794: result: -fPIC -DPIC
configure:14802: checking if g++ PIC flag -fPIC -DPIC works
configure:14820: g++ -c -g -O2 -std=c++17  -fPIC -DPIC -DPIC conftest.cpp >&5
configure:14824: $? = 0
configure:14837: result: yes
configure:14860: checking if g++ static flag -static works
configure:14888: result: yes
configure:14900: checking if g++ supports -c -o file.o
configure:14921: g++ -c -g -O2 -std=c++17  -o out/conftest2.o conftest.cpp >&5
configure:14925: $? = 0
configure:14947: result: yes
configure:14952: checking if g++ supports -c -o file.o
configure:14999: result: yes
configure:15029: checking whether the g++ linker (/usr/bin/ld -m elf_x86_64) supports shared libraries
configure:15072: result: yes
configure:15213: checking dynamic linker characteristics
configure:15970: result: GNU/Linux ld.so
configure:16035: checking how to hardcode library paths into programs
configure:16060: result: immediate
configure:16441: checking for perl
configure:16457: found /usr/bin/perl
configure:16468: result: perl
configure:16482: checking for swig3.0
configure:16512: result: no
configure:16482: checking for swig
configure:16512: result: no
configure:16635: checking that generated files are newer than configure
configure:16641: result: done
configure:16672: creating ./config.status

## ---------------------- ##
## Running config.status. ##
## ---------------------- ##

This file was extended by seminator config.status 2.0dev, which was
generated by GNU Autoconf 2.69.  Invocation command line was

  CONFIG_FILES    = 
  CONFIG_HEADERS  = 
  CONFIG_LINKS    = 
  CONFIG_COMMANDS = 
  $ ./config.status 

on ubuntu

config.status:1163: creating Makefile
config.status:1163: creating tests/pyrun
config.status:1163: creating config.h
config.status:1392: executing depfiles commands
config.status:1392: executing libtool commands
configure:19077: WARNING: unrecognized options: --disable-python

## ---------------- ##
## Cache variables. ##
## ---------------- ##

ac_cv_build=x86_64-pc-linux-gnu
ac_cv_c_compiler_gnu=yes
ac_cv_cxx_compiler_gnu=yes
ac_cv_env_CCC_set=
ac_cv_env_CCC_value=
ac_cv_env_CC_set=
ac_cv_env_CC_value=
ac_cv_env_CFLAGS_set=
ac_cv_env_CFLAGS_value=
ac_cv_env_CPPFLAGS_set=
ac_cv_env_CPPFLAGS_value=
ac_cv_env_CPP_set=
ac_cv_env_CPP_value=
ac_cv_env_CXXCPP_set=
ac_cv_env_CXXCPP_value=
ac_cv_env_CXXFLAGS_set=
ac_cv_env_CXXFLAGS_value=
ac_cv_env_CXX_set=
ac_cv_env_CXX_value=
ac_cv_env_LDFLAGS_set=
ac_cv_env_LDFLAGS_value=
ac_cv_env_LIBS_set=
ac_cv_env_LIBS_value=
ac_cv_env_LT_SYS_LIBRARY_PATH_set=
ac_cv_env_LT_SYS_LIBRARY_PATH_value=
ac_cv_env_PYTHON_set=
ac_cv_env_PYTHON_value=
ac_cv_env_build_alias_set=
ac_cv_env_build_alias_value=
ac_cv_env_host_alias_set=
ac_cv_env_host_alias_value=
ac_cv_env_target_alias_set=
ac_cv_env_target_alias_value=
ac_cv_header_dlfcn_h=yes
ac_cv_header_inttypes_h=yes
ac_cv_header_memory_h=yes
ac_cv_header_stdc=yes
ac_cv_header_stdint_h=yes
ac_cv_header_stdlib_h=yes
ac_cv_header_string_h=yes
ac_cv_header_strings_h=yes
ac_cv_header_sys_stat_h=yes
ac_cv_header_sys_types_h=yes
ac_cv_header_unistd_h=yes
ac_cv_host=x86_64-pc-linux-gnu
ac_cv_objext=o
ac_cv_path_EGREP='/bin/grep -E'
ac_cv_path_FGREP='/bin/grep -F'
ac_cv_path_GREP=/bin/grep
ac_cv_path_SED=/bin/sed
ac_cv_path_install='/usr/bin/install -c'
ac_cv_path_lt_DD=/bin/dd
ac_cv_path_mkdir=/bin/mkdir
ac_cv_prog_AWK=mawk
ac_cv_prog_CPP='gcc -E'
ac_cv_prog_CXXCPP='g++ -E'
ac_cv_prog_PERL=perl
ac_cv_prog_ac_ct_AR=ar
ac_cv_prog_ac_ct_CC=gcc
ac_cv_prog_ac_ct_CXX=g++
ac_cv_prog_ac_ct_MANIFEST_TOOL=mt
ac_cv_prog_ac_ct_OBJDUMP=objdump
ac_cv_prog_ac_ct_RANLIB=ranlib
ac_cv_prog_ac_ct_STRIP=strip
ac_cv_prog_cc_c89=
ac_cv_prog_cc_g=yes
ac_cv_prog_cxx_g=yes
ac_cv_prog_make_make_set=yes
am_cv_CC_dependencies_compiler_type=gcc3
am_cv_CXX_dependencies_compiler_type=gcc3
am_cv_make_support_nested_variables=yes
am_cv_prog_cc_c_o=yes
am_cv_prog_tar_ustar=gnutar
ax_cv_check_cxxflags___std_cpp17=yes
lt_cv_ar_at_file=@
lt_cv_archive_cmds_need_lc=no
lt_cv_deplibs_check_method=pass_all
lt_cv_file_magic_cmd='$MAGIC_CMD'
lt_cv_file_magic_test_file=
lt_cv_ld_reload_flag=-r
lt_cv_nm_interface='BSD nm'
lt_cv_objdir=.libs
lt_cv_path_LD=/usr/bin/ld
lt_cv_path_LDCXX='/usr/bin/ld -m elf_x86_64'
lt_cv_path_NM='/usr/bin/nm -B'
lt_cv_path_mainfest_tool=no
lt_cv_prog_compiler_c_o=yes
lt_cv_prog_compiler_c_o_CXX=yes
lt_cv_prog_compiler_pic='-fPIC -DPIC'
lt_cv_prog_compiler_pic_CXX='-fPIC -DPIC'
lt_cv_prog_compiler_pic_works=yes
lt_cv_prog_compiler_pic_works_CXX=yes
lt_cv_prog_compiler_rtti_exceptions=no
lt_cv_prog_compiler_static_works=yes
lt_cv_prog_compiler_static_works_CXX=yes
lt_cv_prog_gnu_ld=yes
lt_cv_prog_gnu_ldcxx=yes
lt_cv_sharedlib_from_linklib_cmd='printf %s\n'
lt_cv_shlibpath_overrides_runpath=yes
lt_cv_sys_global_symbol_pipe='sed -n -e '\''s/^.*[	 ]\([ABCDGIRSTW][ABCDGIRSTW]*\)[	 ][	 ]*\([_A-Za-z][_A-Za-z0-9]*\)$/\1 \2 \2/p'\'' | sed '\''/ __gnu_lto/d'\'''
lt_cv_sys_global_symbol_to_c_name_address='sed -n -e '\''s/^: \(.*\) .*$/  {"\1", (void *) 0},/p'\'' -e '\''s/^[ABCDGIRSTW][ABCDGIRSTW]* .* \(.*\)$/  {"\1", (void *) \&\1},/p'\'''
lt_cv_sys_global_symbol_to_c_name_address_lib_prefix='sed -n -e '\''s/^: \(.*\) .*$/  {"\1", (void *) 0},/p'\'' -e '\''s/^[ABCDGIRSTW][ABCDGIRSTW]* .* \(lib.*\)$/  {"\1", (void *) \&\1},/p'\'' -e '\''s/^[ABCDGIRSTW][ABCDGIRSTW]* .* \(.*\)$/  {"lib\1", (void *) \&\1},/p'\'''
lt_cv_sys_global_symbol_to_cdecl='sed -n -e '\''s/^T .* \(.*\)$/extern int \1();/p'\'' -e '\''s/^[ABCDGIRSTW][ABCDGIRSTW]* .* \(.*\)$/extern char \1;/p'\'''
lt_cv_sys_global_symbol_to_import=
lt_cv_sys_max_cmd_len=1572864
lt_cv_to_host_file_cmd=func_convert_file_noop
lt_cv_to_tool_file_cmd=func_convert_file_noop
lt_cv_truncate_bin='/bin/dd bs=4096 count=1'

## ----------------- ##
## Output variables. ##
## ----------------- ##

ACLOCAL='${SHELL} /home/fengwz/Desktop/seminator/tools/missing aclocal-1.15'
AMDEPBACKSLASH='\'
AMDEP_FALSE='#'
AMDEP_TRUE=''
AMTAR='$${TAR-tar}'
AM_BACKSLASH='\'
AM_DEFAULT_V='$(AM_DEFAULT_VERBOSITY)'
AM_DEFAULT_VERBOSITY='1'
AM_V='$(V)'
AR='ar'
AUTOCONF='${SHELL} /home/fengwz/Desktop/seminator/tools/missing autoconf'
AUTOHEADER='${SHELL} /home/fengwz/Desktop/seminator/tools/missing autoheader'
AUTOMAKE='${SHELL} /home/fengwz/Desktop/seminator/tools/missing automake-1.15'
AWK='mawk'
CC='gcc'
CCDEPMODE='depmode=gcc3'
CFLAGS='-g -O2'
CPP='gcc -E'
CPPFLAGS=''
CXX='g++'
CXXCPP='g++ -E'
CXXDEPMODE='depmode=gcc3'
CXXFLAGS='-g -O2 -std=c++17'
CYGPATH_W='echo'
DEFS='-DHAVE_CONFIG_H'
DEPDIR='.deps'
DLLTOOL='false'
DSYMUTIL=''
DUMPBIN=''
ECHO_C=''
ECHO_N='-n'
ECHO_T=''
EGREP='/bin/grep -E'
EXEEXT=''
FGREP='/bin/grep -F'
GREP='/bin/grep'
INSTALL_DATA='${INSTALL} -m 644'
INSTALL_PROGRAM='${INSTALL}'
INSTALL_SCRIPT='${INSTALL}'
INSTALL_STRIP_PROGRAM='$(install_sh) -c -s'
LD='/usr/bin/ld -m elf_x86_64'
LDFLAGS=''
LIBOBJS=''
LIBS=''
LIBTOOL='$(SHELL) $(top_builddir)/libtool'
LIPO=''
LN_S='ln -s'
LTLIBOBJS=''
LT_SYS_LIBRARY_PATH=''
MAKEINFO='${SHELL} /home/fengwz/Desktop/seminator/tools/missing makeinfo'
MANIFEST_TOOL=':'
MKDIR_P='/bin/mkdir -p'
NM='/usr/bin/nm -B'
NMEDIT=''
OBJDUMP='objdump'
OBJEXT='o'
OTOOL64=''
OTOOL=''
PACKAGE='seminator'
PACKAGE_BUGREPORT=''
PACKAGE_NAME='seminator'
PACKAGE_STRING='seminator 2.0dev'
PACKAGE_TARNAME='seminator'
PACKAGE_URL=''
PACKAGE_VERSION='2.0dev'
PATH_SEPARATOR=':'
PERL='perl'
PYTHON=''
PYTHONINC=''
PYTHON_EXEC_PREFIX=''
PYTHON_PLATFORM=''
PYTHON_PREFIX=''
PYTHON_VERSION=''
RANLIB='ranlib'
SED='/bin/sed'
SET_MAKE=''
SHELL='/bin/bash'
SPOTPREFIX='${prefix}'
STRIP='strip'
SWIG='swig'
USE_PYTHON_FALSE=''
USE_PYTHON_TRUE='#'
VERSION='2.0dev'
ac_ct_AR='ar'
ac_ct_CC='gcc'
ac_ct_CXX='g++'
ac_ct_DUMPBIN=''
am__EXEEXT_FALSE=''
am__EXEEXT_TRUE='#'
am__fastdepCC_FALSE='#'
am__fastdepCC_TRUE=''
am__fastdepCXX_FALSE='#'
am__fastdepCXX_TRUE=''
am__include='include'
am__isrc=''
am__leading_dot='.'
am__nodep='_no'
am__quote=''
am__tar='tar --format=ustar -chf - "$$tardir"'
am__untar='tar -xf -'
bindir='${exec_prefix}/bin'
build='x86_64-pc-linux-gnu'
build_alias=''
build_cpu='x86_64'
build_os='linux-gnu'
build_vendor='pc'
datadir='${datarootdir}'
datarootdir='${prefix}/share'
docdir='${datarootdir}/doc/${PACKAGE_TARNAME}'
dvidir='${docdir}'
exec_prefix='${prefix}'
host='x86_64-pc-linux-gnu'
host_alias=''
host_cpu='x86_64'
host_os='linux-gnu'
host_vendor='pc'
htmldir='${docdir}'
includedir='${prefix}/include'
infodir='${datarootdir}/info'
install_sh='${SHELL} /home/fengwz/Desktop/seminator/tools/install-sh'
libdir='${exec_prefix}/lib'
libexecdir='${exec_prefix}/libexec'
localedir='${datarootdir}/locale'
localstatedir='${prefix}/var'
mandir='${datarootdir}/man'
mkdir_p='$(MKDIR_P)'
oldincludedir='/usr/include'
pdfdir='${docdir}'
pkgpyexecdir=''
pkgpythondir=''
prefix='/usr/local'
program_transform_name='s,x,x,'
psdir='${docdir}'
pyexecdir=''
pythondir=''
runstatedir='${localstatedir}/run'
sbindir='${exec_prefix}/sbin'
sharedstatedir='${prefix}/com'
sysconfdir='${prefix}/etc'
target_alias=''

## ----------- ##
## confdefs.h. ##
## ----------- ##

/* confdefs.h */
#define PACKAGE_NAME "seminator"
#define PACKAGE_TARNAME "seminator"
#define PACKAGE_VERSION "2.0dev"
#define PACKAGE_STRING "seminator 2.0dev"
#define PACKAGE_BUGREPORT ""
#define PACKAGE_URL ""
#define PACKAGE "seminator"
#define VERSION "2.0dev"
#define STDC_HEADERS 1
#define HAVE_SYS_TYPES_H 1
#define HAVE_SYS_STAT_H 1
#define HAVE_STDLIB_H 1
#define HAVE_STRING_H 1
#define HAVE_MEMORY_H 1
#define HAVE_STRINGS_H 1
#define HAVE_INTTYPES_H 1
#define HAVE_STDINT_H 1
#define HAVE_UNISTD_H 1
#define HAVE_DLFCN_H 1
#define LT_OBJDIR ".libs/"

configure: exit 0
